<?xml version="1.0" encoding="UTF-8"?>
<!-- Generated by org.testng.reporters.JUnitReportReporter -->
<testsuite hostname="DESKTOP-3GINJH4" failures="0" tests="1" name="com.nopCommerceV2.testCases.TC_LoginTest_001" time="6.533" errors="0" timestamp="2022-09-25T11:36:41 EDT" skipped="0">
  <testcase classname="com.nopCommerceV2.testCases.TC_LoginTest_001" name="loginTest" time="6.533"/>
  <system-out/>
</testsuite> <!-- com.nopCommerceV2.testCases.TC_LoginTest_001 -->
